<?xml version="1.0" encoding="UTF-8" ?>
<testsuite tests="62" failures="0" name="EJ.MODULES.runTest" time="2.445" errors="0" skipped="0">
  <properties>
[...]
</properties>
  <testcase classname="Scenario: Create New Company Successfully" name="When user opens the &quot;FF32&quot; browser" time="0.004"/>
  <testcase classname="Scenario: Create New Company Successfully" name="And user enters the url &quot;http://localhost:90/finsys&quot;" time="0"/>
  <testcase classname="Scenario: Create New Company Successfully" name="When user enters &quot;dummyfm&quot; as username" time="0"/>
  <testcase classname="Scenario: Create New Company Successfully" name="And user enters &quot;passw0rd&quot; as password" time="0"/>
  <testcase classname="Scenario: Create New Company Successfully" name="And user clicks on Login button" time="0"/>
  <testcase classname="Scenario: Create New Company Successfully" name="When user clicks on Financial Analysis link" time="0"/>
  <testcase classname="Scenario: Create New Company Successfully" name="And user clicks on Company link" time="0"/>
  <testcase classname="Scenario: Create New Company Successfully" name="And user clicks on Manage Company link" time="0"/>
  <testcase classname="Scenario: Create New Company Successfully" name="When user clicks on New button" time="0"/>
  <testcase classname="Scenario: Create New Company Successfully" name="And User enters Company name as &quot;Tester12&quot;" time="0.001"/>
  <testcase classname="Scenario: Create New Company Successfully" name="And User selects Company type as &quot;IT&quot;" time="0"/>
  <testcase classname="Scenario: Create New Company Successfully" name="And User Company Subtype as &quot;Support&quot;" time="0"/>
  <testcase classname="Scenario: Create New Company Successfully" name="And User enters Address as &quot;Pune&quot;" time="0"/>
  <testcase classname="Scenario: Create New Company Successfully" name="And User enters Phone as &quot;0123456789&quot;" time="0"/>
  <testcase classname="Scenario: Create New Company Successfully" name="And User enters Email as &quot;abcdef@gmail.com&quot;" time="0"/>
  <testcase classname="Scenario: Create New Company Successfully" name="And User enters Pan Details as &quot;ARPPT3211265498&quot;" time="0"/>
  <testcase classname="Scenario: Create New Company Successfully" name="And User enters Tin details as &quot;32165432165487&quot;" time="0"/>
  <testcase classname="Scenario: Create New Company Successfully" name="And User enters Country as &quot;INDIA&quot;" time="0"/>
  <testcase classname="Scenario: Create New Company Successfully" name="And User enters State as &quot;MAHARASHTRA&quot;" time="0"/>
  <testcase classname="Scenario: Create New Company Successfully" name="And User enters City name as &quot;PUNE&quot;" time="0"/>
  <testcase classname="Scenario: Create New Company Successfully" name="And User enters Total Employee as &quot;1&quot;" time="0"/>
  <testcase classname="Scenario: Create New Company Successfully" name="And User clicks on Save button" time="0"/>
  <testcase classname="Scenario: Create New Company Successfully" name="Scenario: Create New Company Successfully" time="1.853"/>
  <testcase classname="| dummyfm | passw0rd |" name="When user opens the &quot;FF32&quot; browser" time="0"/>
  <testcase classname="| dummyfm | passw0rd |" name="And user enters the url &quot;http://localhost:90/finsys&quot;" time="0"/>
  <testcase classname="| dummyfm | passw0rd |" name="When user enters &quot;dummyfm&quot; as username" time="0"/>
  <testcase classname="| dummyfm | passw0rd |" name="And user enters &quot;passw0rd&quot; as password" time="0"/>
  <testcase classname="| dummyfm | passw0rd |" name="And user clicks on Login button" time="0"/>
  <testcase classname="| dummyfm | passw0rd |" name="Then user verifies the link on home page" time="0"/>
  <testcase classname="| dummyfm | passw0rd |" name="And Close the Broswer" time="0.001"/>
  <testcase classname="| dummyfm | passw0rd |" name="| dummyfm | passw0rd |" time="0.113"/>
  <testcase classname="| dummy | passw0rd |" name="When user opens the &quot;FF32&quot; browser" time="0"/>
  <testcase classname="| dummy | passw0rd |" name="And user enters the url &quot;http://localhost:90/finsys&quot;" time="0"/>
  <testcase classname="| dummy | passw0rd |" name="When user enters &quot;dummy&quot; as username" time="0"/>
  <testcase classname="| dummy | passw0rd |" name="And user enters &quot;passw0rd&quot; as password" time="0"/>
  <testcase classname="| dummy | passw0rd |" name="And user clicks on Login button" time="0"/>
  <testcase classname="| dummy | passw0rd |" name="Then user verifies the link on home page" time="0"/>
  <testcase classname="| dummy | passw0rd |" name="And Close the Broswer" time="0"/>
  <testcase classname="| dummy | passw0rd |" name="| dummy | passw0rd |" time="0.14"/>
  <testcase classname="|  |  |" name="When user opens the &quot;FF32&quot; browser" time="0"/>
  <testcase classname="|  |  |" name="And user enters the url &quot;http://localhost:90/finsys&quot;" time="0"/>
  <testcase classname="|  |  |" name="When user enters &quot;&quot; as username" time="0"/>
  <testcase classname="|  |  |" name="And user enters &quot;&quot; as password" time="0"/>
  <testcase classname="|  |  |" name="And user clicks on Login button" time="0"/>
  <testcase classname="|  |  |" name="Then user verifies the link on home page" time="0"/>
  <testcase classname="|  |  |" name="And Close the Broswer" time="0"/>
  <testcase classname="|  |  |" name="|  |  |" time="0.135"/>
  <testcase classname="| dummyfm | passw0 |" name="When user opens the &quot;FF32&quot; browser" time="0"/>
  <testcase classname="| dummyfm | passw0 |" name="And user enters the url &quot;http://localhost:90/finsys&quot;" time="0"/>
  <testcase classname="| dummyfm | passw0 |" name="When user enters &quot;dummyfm&quot; as username" time="0"/>
  <testcase classname="| dummyfm | passw0 |" name="And user enters &quot;passw0&quot; as password" time="0"/>
  <testcase classname="| dummyfm | passw0 |" name="And user clicks on Login button" time="0"/>
  <testcase classname="| dummyfm | passw0 |" name="Then user verifies the link on home page" time="0"/>
  <testcase classname="| dummyfm | passw0 |" name="And Close the Broswer" time="0"/>
  <testcase classname="| dummyfm | passw0 |" name="| dummyfm | passw0 |" time="0.114"/>
  <testcase classname="Scenario: Login Functionality when valid username and valid password are entered through datatable" name="When user opens the &quot;FF32&quot; browser" time="0"/>
  <testcase classname="Scenario: Login Functionality when valid username and valid password are entered through datatable" name="And user enters the url &quot;http://localhost:90/finsys&quot;" time="0"/>
  <testcase classname="Scenario: Login Functionality when valid username and valid password are entered through datatable" name="When user enters username and password that has column names" time="0"/>
  <testcase classname="Scenario: Login Functionality when valid username and valid password are entered through datatable" name="And user clicks on Login button" time="0"/>
  <testcase classname="Scenario: Login Functionality when valid username and valid password are entered through datatable" name="Then user verifies the link on home page" time="0"/>
  <testcase classname="Scenario: Login Functionality when valid username and valid password are entered through datatable" name="And Close the Broswer" time="0"/>
  <testcase classname="Scenario: Login Functionality when valid username and valid password are entered through datatable" name="Scenario: Login Functionality when valid username and valid password are entered through datatable" time="0.084"/>
</testsuite>